INFO:root:Start training...
INFO:root:Start training...
INFO:root:Epoch 0 done, took 43.04s, learning rate: 10.00e-3
INFO:root:loss: 2.1866, Best train loss: 2.1866
INFO:root:acc: 17.871%, Best train acc: 17.871%
INFO:root:Start training...
INFO:root:Epoch 0 done, took 43.47s, learning rate: 10.00e-3
INFO:root:loss: 2.2601, Best train loss: 2.2601
INFO:root:acc: 15.586%, Best train acc: 15.586%
INFO:root:Val loss: 2.0560, Best val loss: 2.0560
INFO:root:Val acc: 24.79%, Best val acc: 24.79%
INFO:root:Epoch 1 done, took 43.81s, learning rate: 10.00e-3
INFO:root:loss: 2.2547, Best train loss: 2.2547
INFO:root:acc: 13.848%, Best train acc: 15.586%
INFO:root:Epoch 2 done, took 43.47s, learning rate: 10.00e-3
INFO:root:loss: 2.3028, Best train loss: 2.2547
INFO:root:acc: 11.211%, Best train acc: 15.586%
INFO:root:Epoch 3 done, took 44.67s, learning rate: 10.00e-3
INFO:root:loss: 2.3007, Best train loss: 2.2547
INFO:root:acc: 11.152%, Best train acc: 15.586%
INFO:root:Val loss: 2.3021, Best val loss: 2.0560
INFO:root:Val acc: 11.27%, Best val acc: 24.79%
INFO:root:Epoch 4 done, took 42.17s, learning rate: 8.50e-3
INFO:root:loss: 2.3006, Best train loss: 2.2547
INFO:root:acc: 11.289%, Best train acc: 15.586%
INFO:root:Epoch 5 done, took 44.47s, learning rate: 8.50e-3
INFO:root:loss: 2.3004, Best train loss: 2.2547
INFO:root:acc: 11.191%, Best train acc: 15.586%
INFO:root:Epoch 6 done, took 43.78s, learning rate: 8.50e-3
INFO:root:loss: 2.3006, Best train loss: 2.2547
INFO:root:acc: 11.191%, Best train acc: 15.586%
INFO:root:Val loss: 2.3025, Best val loss: 2.0560
INFO:root:Val acc: 11.23%, Best val acc: 24.79%
INFO:root:Start training...
INFO:root:Epoch 0 done, took 44.22s, learning rate: 5.00e-3
INFO:root:loss: 2.0067, Best train loss: 2.0067
INFO:root:acc: 19.492%, Best train acc: 19.492%
INFO:root:Val loss: 1.9236, Best val loss: 1.9236
INFO:root:Val acc: 20.87%, Best val acc: 20.87%
INFO:root:Epoch 1 done, took 42.89s, learning rate: 5.00e-3
INFO:root:loss: 1.8926, Best train loss: 1.8926
INFO:root:acc: 23.125%, Best train acc: 23.125%
INFO:root:Epoch 2 done, took 44.68s, learning rate: 5.00e-3
INFO:root:loss: 1.7909, Best train loss: 1.7909
INFO:root:acc: 30.000%, Best train acc: 30.000%
INFO:root:Epoch 3 done, took 44.24s, learning rate: 5.00e-3
INFO:root:loss: 1.7691, Best train loss: 1.7691
INFO:root:acc: 31.562%, Best train acc: 31.562%
INFO:root:Val loss: 1.7734, Best val loss: 1.7734
INFO:root:Val acc: 32.52%, Best val acc: 32.52%
INFO:root:Start training...
INFO:root:Epoch 0 done, took 19.84s, learning rate: 5.00e-3
INFO:root:loss: 1.7840, Best train loss: 1.7840
INFO:root:acc: 30.469%, Best train acc: 30.469%
INFO:root:Val loss: 1.7413, Best val loss: 1.7413
INFO:root:Val acc: 29.92%, Best val acc: 29.92%
INFO:root:Epoch 1 done, took 18.95s, learning rate: 5.00e-3
INFO:root:loss: 1.7549, Best train loss: 1.7549
INFO:root:acc: 33.203%, Best train acc: 33.203%
INFO:root:Epoch 2 done, took 17.30s, learning rate: 5.00e-3
INFO:root:loss: 1.7516, Best train loss: 1.7516
INFO:root:acc: 33.105%, Best train acc: 33.203%
INFO:root:Val loss: 1.7162, Best val loss: 1.7162
INFO:root:Val acc: 34.60%, Best val acc: 34.60%
INFO:root:Epoch 3 done, took 17.10s, learning rate: 5.00e-3
INFO:root:loss: 1.7559, Best train loss: 1.7516
INFO:root:acc: 32.129%, Best train acc: 33.203%
INFO:root:Epoch 4 done, took 17.01s, learning rate: 4.25e-3
INFO:root:loss: 1.7513, Best train loss: 1.7513
INFO:root:acc: 32.520%, Best train acc: 33.203%
INFO:root:Val loss: 1.7379, Best val loss: 1.7162
INFO:root:Val acc: 34.36%, Best val acc: 34.60%
INFO:root:Epoch 5 done, took 18.54s, learning rate: 4.25e-3
INFO:root:loss: 1.7485, Best train loss: 1.7485
INFO:root:acc: 33.691%, Best train acc: 33.691%
INFO:root:
Test loss: 1.7355, Test acc: 34.36%
INFO:root:Start training...
INFO:root:Epoch 0 done, took 16.65s, learning rate: 5.00e-3
INFO:root:loss: 1.7473, Best train loss: 1.7473
INFO:root:acc: 33.936%, Best train acc: 33.936%
INFO:root:Val loss: 1.7085, Best val loss: 1.7085
INFO:root:Val acc: 35.48%, Best val acc: 35.48%
INFO:root:Epoch 1 done, took 17.35s, learning rate: 5.00e-3
INFO:root:loss: 1.7393, Best train loss: 1.7393
INFO:root:acc: 33.447%, Best train acc: 33.936%
INFO:root:Epoch 2 done, took 18.18s, learning rate: 5.00e-3
INFO:root:loss: 1.7554, Best train loss: 1.7393
INFO:root:acc: 33.643%, Best train acc: 33.936%
INFO:root:Val loss: 1.7280, Best val loss: 1.7085
INFO:root:Val acc: 31.98%, Best val acc: 35.48%
INFO:root:Epoch 3 done, took 19.44s, learning rate: 5.00e-3
INFO:root:loss: 1.7407, Best train loss: 1.7393
INFO:root:acc: 34.277%, Best train acc: 34.277%
INFO:root:Epoch 4 done, took 18.35s, learning rate: 4.25e-3
INFO:root:loss: 1.7368, Best train loss: 1.7368
INFO:root:acc: 33.643%, Best train acc: 34.277%
INFO:root:Val loss: 1.7105, Best val loss: 1.7085
INFO:root:Val acc: 33.40%, Best val acc: 35.48%
INFO:root:Epoch 5 done, took 18.05s, learning rate: 4.25e-3
INFO:root:loss: 1.7319, Best train loss: 1.7319
INFO:root:acc: 34.375%, Best train acc: 34.375%
INFO:root:
Test loss: 1.7335, Test acc: 34.72%
INFO:root:Start training...
INFO:root:Epoch 0 done, took 18.89s, learning rate: 5.00e-3
INFO:root:loss: 2.2990, Best train loss: 2.2990
INFO:root:acc: 10.742%, Best train acc: 10.742%
INFO:root:Val loss: 2.2945, Best val loss: 2.2945
INFO:root:Val acc: 11.57%, Best val acc: 11.57%
INFO:root:Epoch 1 done, took 18.76s, learning rate: 5.00e-3
INFO:root:loss: 2.2673, Best train loss: 2.2673
INFO:root:acc: 16.113%, Best train acc: 16.113%
INFO:root:Epoch 2 done, took 16.36s, learning rate: 5.00e-3
INFO:root:loss: 2.1526, Best train loss: 2.1526
INFO:root:acc: 24.414%, Best train acc: 24.414%
INFO:root:Val loss: 2.1148, Best val loss: 2.1148
INFO:root:Val acc: 23.10%, Best val acc: 23.10%
INFO:root:Epoch 3 done, took 19.28s, learning rate: 5.00e-3
INFO:root:loss: 1.9900, Best train loss: 1.9900
INFO:root:acc: 27.295%, Best train acc: 27.295%
INFO:root:Epoch 4 done, took 19.48s, learning rate: 4.25e-3
INFO:root:loss: 1.9012, Best train loss: 1.9012
INFO:root:acc: 28.760%, Best train acc: 28.760%
INFO:root:Val loss: 1.8721, Best val loss: 1.8721
INFO:root:Val acc: 29.72%, Best val acc: 29.72%
INFO:root:Epoch 5 done, took 17.46s, learning rate: 4.25e-3
INFO:root:loss: 1.8857, Best train loss: 1.8857
INFO:root:acc: 28.223%, Best train acc: 28.760%
INFO:root:
Test loss: 1.8697, Test acc: 30.19%
INFO:root:Start training...
INFO:root:Epoch 0 done, took 30.28s, learning rate: 1.00e-3
INFO:root:loss: 2.3078, Best train loss: 2.3078
INFO:root:acc: 9.180%, Best train acc: 9.180%
INFO:root:Val loss: 2.3090, Best val loss: 2.3090
INFO:root:Val acc: 8.53%, Best val acc: 8.53%
INFO:root:Epoch 1 done, took 26.85s, learning rate: 1.00e-3
INFO:root:loss: 2.2962, Best train loss: 2.2962
INFO:root:acc: 12.256%, Best train acc: 12.256%
INFO:root:Epoch 2 done, took 27.75s, learning rate: 1.00e-3
INFO:root:loss: 2.2923, Best train loss: 2.2923
INFO:root:acc: 13.232%, Best train acc: 13.232%
INFO:root:Epoch 3 done, took 28.03s, learning rate: 1.00e-3
INFO:root:loss: 2.3000, Best train loss: 2.2923
INFO:root:acc: 11.035%, Best train acc: 13.232%
INFO:root:Val loss: 2.3041, Best val loss: 2.3041
INFO:root:Val acc: 11.25%, Best val acc: 11.25%
INFO:root:Epoch 4 done, took 27.11s, learning rate: 0.85e-3
INFO:root:loss: 2.3003, Best train loss: 2.2923
INFO:root:acc: 11.475%, Best train acc: 13.232%
INFO:root:Epoch 5 done, took 27.41s, learning rate: 0.85e-3
INFO:root:loss: 2.2999, Best train loss: 2.2923
INFO:root:acc: 10.547%, Best train acc: 13.232%
INFO:root:Epoch 6 done, took 27.12s, learning rate: 0.85e-3
INFO:root:loss: 2.3007, Best train loss: 2.2923
INFO:root:acc: 10.156%, Best train acc: 13.232%
INFO:root:Val loss: 2.3043, Best val loss: 2.3041
INFO:root:Val acc: 11.38%, Best val acc: 11.38%
INFO:root:Epoch 7 done, took 27.79s, learning rate: 0.85e-3
INFO:root:loss: 2.3006, Best train loss: 2.2923
INFO:root:acc: 10.889%, Best train acc: 13.232%
INFO:root:Epoch 8 done, took 26.16s, learning rate: 0.85e-3
INFO:root:loss: 2.3013, Best train loss: 2.2923
INFO:root:acc: 10.547%, Best train acc: 13.232%
INFO:root:Epoch 9 done, took 26.98s, learning rate: 0.72e-3
INFO:root:loss: 2.3005, Best train loss: 2.2923
INFO:root:acc: 10.693%, Best train acc: 13.232%
INFO:root:Val loss: 2.3044, Best val loss: 2.3041
INFO:root:Val acc: 11.30%, Best val acc: 11.38%
INFO:root:
Test loss: 2.3029, Test acc: 11.35%
INFO:root:Start training...
INFO:root:Epoch 0 done, took 29.39s, learning rate: 1.00e-3
INFO:root:loss: 2.3000, Best train loss: 2.3000
INFO:root:acc: 10.791%, Best train acc: 10.791%
INFO:root:Val loss: 2.3051, Best val loss: 2.3051
INFO:root:Val acc: 11.39%, Best val acc: 11.39%
INFO:root:Epoch 1 done, took 28.85s, learning rate: 1.00e-3
INFO:root:loss: 2.3005, Best train loss: 2.3000
INFO:root:acc: 11.182%, Best train acc: 11.182%
INFO:root:Epoch 2 done, took 27.57s, learning rate: 1.00e-3
INFO:root:loss: 2.3009, Best train loss: 2.3000
INFO:root:acc: 10.693%, Best train acc: 11.182%
INFO:root:Epoch 3 done, took 27.53s, learning rate: 1.00e-3
INFO:root:loss: 2.3001, Best train loss: 2.3000
INFO:root:acc: 10.596%, Best train acc: 11.182%
INFO:root:Val loss: 2.3041, Best val loss: 2.3041
INFO:root:Val acc: 11.23%, Best val acc: 11.39%
INFO:root:Epoch 4 done, took 31.75s, learning rate: 0.85e-3
INFO:root:loss: 2.3006, Best train loss: 2.3000
INFO:root:acc: 10.449%, Best train acc: 11.182%
INFO:root:Epoch 5 done, took 28.47s, learning rate: 0.85e-3
INFO:root:loss: 2.3003, Best train loss: 2.3000
INFO:root:acc: 10.889%, Best train acc: 11.182%
INFO:root:Epoch 6 done, took 29.99s, learning rate: 0.85e-3
INFO:root:loss: 2.3000, Best train loss: 2.3000
INFO:root:acc: 11.084%, Best train acc: 11.182%
INFO:root:Val loss: 2.3048, Best val loss: 2.3041
INFO:root:Val acc: 10.99%, Best val acc: 11.39%
INFO:root:Epoch 7 done, took 40.05s, learning rate: 0.85e-3
INFO:root:loss: 2.3007, Best train loss: 2.3000
INFO:root:acc: 11.182%, Best train acc: 11.182%
INFO:root:Epoch 8 done, took 31.83s, learning rate: 0.85e-3
INFO:root:loss: 2.3005, Best train loss: 2.3000
INFO:root:acc: 12.012%, Best train acc: 12.012%
INFO:root:Epoch 9 done, took 25.75s, learning rate: 0.72e-3
INFO:root:loss: 2.3003, Best train loss: 2.3000
INFO:root:acc: 9.619%, Best train acc: 12.012%
INFO:root:Val loss: 2.3032, Best val loss: 2.3032
INFO:root:Val acc: 11.54%, Best val acc: 11.54%
INFO:root:
Test loss: 2.3026, Test acc: 11.38%
INFO:root:Start training...
INFO:root:Start training...
INFO:root:Epoch 0 done, took 459.36s, learning rate: 5.00e-3
INFO:root:loss: 1.6736, Best train loss: 1.6736
INFO:root:acc: 34.704%, Best train acc: 34.704%
INFO:root:Val loss: 1.3425, Best val loss: 1.3425
INFO:root:Val acc: 45.12%, Best val acc: 45.12%
INFO:root:Epoch 1 done, took 456.49s, learning rate: 5.00e-3
INFO:root:loss: 1.2294, Best train loss: 1.2294
INFO:root:acc: 52.129%, Best train acc: 52.129%
INFO:root:Epoch 2 done, took 425.54s, learning rate: 5.00e-3
INFO:root:loss: 0.9113, Best train loss: 0.9113
INFO:root:acc: 65.925%, Best train acc: 65.925%
INFO:root:Val loss: 0.6460, Best val loss: 0.6460
INFO:root:Val acc: 77.39%, Best val acc: 77.39%
INFO:root:Epoch 3 done, took 423.07s, learning rate: 5.00e-3
INFO:root:loss: 0.6697, Best train loss: 0.6697
INFO:root:acc: 75.968%, Best train acc: 75.968%
INFO:root:Epoch 4 done, took 423.17s, learning rate: 4.25e-3
INFO:root:loss: 0.5738, Best train loss: 0.5738
INFO:root:acc: 79.208%, Best train acc: 79.208%
INFO:root:Val loss: 0.4990, Best val loss: 0.4990
INFO:root:Val acc: 82.18%, Best val acc: 82.18%
INFO:root:Epoch 5 done, took 422.73s, learning rate: 4.25e-3
INFO:root:loss: 0.4687, Best train loss: 0.4687
INFO:root:acc: 83.519%, Best train acc: 83.519%
INFO:root:Epoch 6 done, took 424.86s, learning rate: 4.25e-3
INFO:root:loss: 0.4193, Best train loss: 0.4193
INFO:root:acc: 85.580%, Best train acc: 85.580%
INFO:root:Val loss: 0.3472, Best val loss: 0.3472
INFO:root:Val acc: 88.13%, Best val acc: 88.13%
INFO:root:Epoch 7 done, took 424.56s, learning rate: 4.25e-3
INFO:root:loss: 0.3766, Best train loss: 0.3766
INFO:root:acc: 87.333%, Best train acc: 87.333%
INFO:root:Epoch 8 done, took 423.41s, learning rate: 4.25e-3
INFO:root:loss: 0.3478, Best train loss: 0.3478
INFO:root:acc: 88.699%, Best train acc: 88.699%
INFO:root:Val loss: 0.2562, Best val loss: 0.2562
INFO:root:Val acc: 91.75%, Best val acc: 91.75%
INFO:root:Epoch 9 done, took 424.04s, learning rate: 3.61e-3
INFO:root:loss: 0.3252, Best train loss: 0.3252
INFO:root:acc: 89.638%, Best train acc: 89.638%
INFO:root:Epoch 10 done, took 423.53s, learning rate: 3.61e-3
INFO:root:loss: 0.2882, Best train loss: 0.2882
INFO:root:acc: 90.954%, Best train acc: 90.954%
INFO:root:Val loss: 0.2309, Best val loss: 0.2309
INFO:root:Val acc: 92.85%, Best val acc: 92.85%
INFO:root:Epoch 11 done, took 422.84s, learning rate: 3.61e-3
INFO:root:loss: 0.2671, Best train loss: 0.2671
INFO:root:acc: 91.882%, Best train acc: 91.882%
INFO:root:Epoch 12 done, took 423.04s, learning rate: 3.61e-3
INFO:root:loss: 0.2409, Best train loss: 0.2409
INFO:root:acc: 92.773%, Best train acc: 92.773%
INFO:root:Val loss: 0.1936, Best val loss: 0.1936
INFO:root:Val acc: 94.51%, Best val acc: 94.51%
INFO:root:Epoch 13 done, took 424.45s, learning rate: 3.61e-3
INFO:root:loss: 0.2161, Best train loss: 0.2161
INFO:root:acc: 93.565%, Best train acc: 93.565%
INFO:root:Epoch 14 done, took 425.14s, learning rate: 3.07e-3
INFO:root:loss: 0.2008, Best train loss: 0.2008
INFO:root:acc: 94.166%, Best train acc: 94.166%
INFO:root:Val loss: 0.1541, Best val loss: 0.1541
INFO:root:Val acc: 95.49%, Best val acc: 95.49%
INFO:root:Epoch 15 done, took 423.75s, learning rate: 3.07e-3
INFO:root:loss: 0.1782, Best train loss: 0.1782
INFO:root:acc: 94.807%, Best train acc: 94.807%
INFO:root:Epoch 16 done, took 423.42s, learning rate: 3.07e-3
INFO:root:loss: 0.1760, Best train loss: 0.1760
INFO:root:acc: 94.833%, Best train acc: 94.833%
INFO:root:Val loss: 0.1360, Best val loss: 0.1360
INFO:root:Val acc: 96.08%, Best val acc: 96.08%
INFO:root:Epoch 17 done, took 423.14s, learning rate: 3.07e-3
INFO:root:loss: 0.1616, Best train loss: 0.1616
INFO:root:acc: 95.303%, Best train acc: 95.303%
INFO:root:Epoch 18 done, took 423.05s, learning rate: 3.07e-3
INFO:root:loss: 0.1592, Best train loss: 0.1592
INFO:root:acc: 95.436%, Best train acc: 95.436%
INFO:root:Val loss: 0.1348, Best val loss: 0.1348
INFO:root:Val acc: 95.87%, Best val acc: 96.08%
INFO:root:Epoch 19 done, took 424.88s, learning rate: 2.61e-3
INFO:root:loss: 0.1531, Best train loss: 0.1531
INFO:root:acc: 95.536%, Best train acc: 95.536%
INFO:root:Epoch 20 done, took 423.97s, learning rate: 2.61e-3
INFO:root:loss: 0.1391, Best train loss: 0.1391
INFO:root:acc: 95.956%, Best train acc: 95.956%
INFO:root:Val loss: 0.1159, Best val loss: 0.1159
INFO:root:Val acc: 96.34%, Best val acc: 96.34%
INFO:root:Epoch 21 done, took 423.79s, learning rate: 2.61e-3
INFO:root:loss: 0.1379, Best train loss: 0.1379
INFO:root:acc: 96.023%, Best train acc: 96.023%
INFO:root:Epoch 22 done, took 423.22s, learning rate: 2.61e-3
INFO:root:loss: 0.1359, Best train loss: 0.1359
INFO:root:acc: 96.057%, Best train acc: 96.057%
INFO:root:Val loss: 0.1284, Best val loss: 0.1159
INFO:root:Val acc: 96.01%, Best val acc: 96.34%
INFO:root:Epoch 23 done, took 424.27s, learning rate: 2.61e-3
INFO:root:loss: 0.1334, Best train loss: 0.1334
INFO:root:acc: 96.166%, Best train acc: 96.166%
INFO:root:Epoch 24 done, took 425.42s, learning rate: 2.22e-3
INFO:root:loss: 0.1286, Best train loss: 0.1286
INFO:root:acc: 96.210%, Best train acc: 96.210%
INFO:root:Val loss: 0.1185, Best val loss: 0.1159
INFO:root:Val acc: 96.44%, Best val acc: 96.44%
INFO:root:Epoch 25 done, took 424.00s, learning rate: 2.22e-3
INFO:root:loss: 0.1242, Best train loss: 0.1242
INFO:root:acc: 96.383%, Best train acc: 96.383%
INFO:root:Epoch 26 done, took 444.01s, learning rate: 2.22e-3
INFO:root:loss: 0.1214, Best train loss: 0.1214
INFO:root:acc: 96.441%, Best train acc: 96.441%
INFO:root:Val loss: 0.0989, Best val loss: 0.0989
INFO:root:Val acc: 97.30%, Best val acc: 97.30%
INFO:root:Epoch 27 done, took 443.40s, learning rate: 2.22e-3
INFO:root:loss: 0.1222, Best train loss: 0.1214
INFO:root:acc: 96.457%, Best train acc: 96.457%
INFO:root:Epoch 28 done, took 438.49s, learning rate: 2.22e-3
INFO:root:loss: 0.1192, Best train loss: 0.1192
INFO:root:acc: 96.532%, Best train acc: 96.532%
INFO:root:Val loss: 0.1089, Best val loss: 0.0989
INFO:root:Val acc: 96.88%, Best val acc: 97.30%
INFO:root:Epoch 29 done, took 469.68s, learning rate: 1.89e-3
INFO:root:loss: 0.1165, Best train loss: 0.1165
INFO:root:acc: 96.577%, Best train acc: 96.577%
INFO:root:Epoch 30 done, took 483.73s, learning rate: 1.89e-3
INFO:root:loss: 0.1088, Best train loss: 0.1088
INFO:root:acc: 96.744%, Best train acc: 96.744%
INFO:root:Val loss: 0.0973, Best val loss: 0.0973
INFO:root:Val acc: 96.96%, Best val acc: 97.30%
INFO:root:Epoch 31 done, took 31110.05s, learning rate: 1.89e-3
INFO:root:loss: 0.1076, Best train loss: 0.1076
INFO:root:acc: 96.840%, Best train acc: 96.840%
INFO:root:Epoch 32 done, took 1179.13s, learning rate: 1.89e-3
INFO:root:loss: 0.1073, Best train loss: 0.1073
INFO:root:acc: 96.822%, Best train acc: 96.840%
INFO:root:Val loss: 0.0878, Best val loss: 0.0878
INFO:root:Val acc: 97.40%, Best val acc: 97.40%
INFO:root:Epoch 33 done, took 3401.61s, learning rate: 1.89e-3
INFO:root:loss: 0.1068, Best train loss: 0.1068
INFO:root:acc: 96.826%, Best train acc: 96.840%
INFO:root:Start training...
INFO:root:Epoch 0 done, took 171.34s, learning rate: 5.00e-3
INFO:root:loss: 2.2546, Best train loss: 2.2546
INFO:root:acc: 16.328%, Best train acc: 16.328%
INFO:root:Val loss: 2.1044, Best val loss: 2.1044
INFO:root:Val acc: 20.93%, Best val acc: 20.93%
INFO:root:Epoch 1 done, took 159.81s, learning rate: 5.00e-3
INFO:root:loss: 1.9289, Best train loss: 1.9289
INFO:root:acc: 23.984%, Best train acc: 23.984%
INFO:root:Epoch 2 done, took 166.61s, learning rate: 5.00e-3
INFO:root:loss: 1.8050, Best train loss: 1.8050
INFO:root:acc: 29.258%, Best train acc: 29.258%
INFO:root:Val loss: 1.8021, Best val loss: 1.8021
INFO:root:Val acc: 27.85%, Best val acc: 27.85%
INFO:root:Epoch 34 done, took 655.24s, learning rate: 1.60e-3
INFO:root:loss: 0.1054, Best train loss: 0.1054
INFO:root:acc: 96.900%, Best train acc: 96.900%
INFO:root:Val loss: 0.0895, Best val loss: 0.0878
INFO:root:Val acc: 97.28%, Best val acc: 97.40%
INFO:root:Epoch 3 done, took 167.82s, learning rate: 5.00e-3
INFO:root:loss: 1.7598, Best train loss: 1.7598
INFO:root:acc: 30.273%, Best train acc: 30.273%
INFO:root:Start training...
INFO:root:Epoch 0 done, took 203.13s, learning rate: 0.50e-3
INFO:root:loss: 2.3055, Best train loss: 2.3055
INFO:root:acc: 9.258%, Best train acc: 9.258%
INFO:root:Val loss: 2.2958, Best val loss: 2.2958
INFO:root:Val acc: 8.56%, Best val acc: 8.56%
INFO:root:Epoch 1 done, took 213.86s, learning rate: 0.50e-3
INFO:root:loss: 2.2855, Best train loss: 2.2855
INFO:root:acc: 16.875%, Best train acc: 16.875%
INFO:root:Epoch 35 done, took 768.18s, learning rate: 1.60e-3
INFO:root:loss: 0.1002, Best train loss: 0.1002
INFO:root:acc: 97.029%, Best train acc: 97.029%
INFO:root:Epoch 2 done, took 267.39s, learning rate: 0.50e-3
INFO:root:loss: 2.2400, Best train loss: 2.2400
INFO:root:acc: 19.961%, Best train acc: 19.961%
INFO:root:Val loss: 2.1955, Best val loss: 2.1955
INFO:root:Val acc: 19.61%, Best val acc: 19.61%
INFO:root:Epoch 3 done, took 196.57s, learning rate: 0.50e-3
INFO:root:loss: 2.1334, Best train loss: 2.1334
INFO:root:acc: 23.887%, Best train acc: 23.887%
INFO:root:Epoch 4 done, took 202.22s, learning rate: 0.43e-3
INFO:root:loss: 2.0109, Best train loss: 2.0109
INFO:root:acc: 21.738%, Best train acc: 23.887%
INFO:root:Val loss: 1.9492, Best val loss: 1.9492
INFO:root:Val acc: 21.21%, Best val acc: 21.21%
INFO:root:Epoch 36 done, took 771.61s, learning rate: 1.60e-3
INFO:root:loss: 0.1057, Best train loss: 0.1002
INFO:root:acc: 96.890%, Best train acc: 97.029%
INFO:root:Val loss: 0.0957, Best val loss: 0.0878
INFO:root:Val acc: 97.15%, Best val acc: 97.40%
INFO:root:Epoch 5 done, took 205.03s, learning rate: 0.43e-3
INFO:root:loss: 1.9069, Best train loss: 1.9069
INFO:root:acc: 22.910%, Best train acc: 23.887%
INFO:root:Epoch 6 done, took 188.52s, learning rate: 0.43e-3
INFO:root:loss: 1.8439, Best train loss: 1.8439
INFO:root:acc: 25.273%, Best train acc: 25.273%
INFO:root:Start training...
INFO:root:Epoch 0 done, took 254.39s, learning rate: 1.00e-3
INFO:root:loss: 2.2976, Best train loss: 2.2976
INFO:root:acc: 12.168%, Best train acc: 12.168%
INFO:root:Val loss: 2.2796, Best val loss: 2.2796
INFO:root:Val acc: 20.78%, Best val acc: 20.78%
INFO:root:Epoch 37 done, took 776.53s, learning rate: 1.60e-3
INFO:root:loss: 0.1013, Best train loss: 0.1002
INFO:root:acc: 96.973%, Best train acc: 97.029%
INFO:root:Epoch 1 done, took 247.25s, learning rate: 1.00e-3
INFO:root:loss: 2.2196, Best train loss: 2.2196
INFO:root:acc: 19.922%, Best train acc: 19.922%
INFO:root:Epoch 38 done, took 570.15s, learning rate: 1.60e-3
INFO:root:loss: 0.0974, Best train loss: 0.0974
INFO:root:acc: 97.115%, Best train acc: 97.115%
INFO:root:Val loss: 0.0875, Best val loss: 0.0875
INFO:root:Val acc: 97.40%, Best val acc: 97.40%
INFO:root:Epoch 39 done, took 489.41s, learning rate: 1.36e-3
INFO:root:loss: 0.0964, Best train loss: 0.0964
INFO:root:acc: 97.158%, Best train acc: 97.158%
